<?xml version="1.0" encoding="UTF-8"?>
<testsuite xmlns:xsi="http://www.w3.org/2001/XMLSchema-instance" xsi:noNamespaceSchemaLocation="https://maven.apache.org/surefire/maven-surefire-plugin/xsd/surefire-test-report-3.0.xsd" version="3.0" name="com.puntored.prueba.unit.AuthServiceTest" time="0.02" tests="1" errors="0" skipped="0" failures="0">
  <properties>
    <property name="java.specification.version" value="23"/>
    <property name="sun.jnu.encoding" value="UTF-8"/>
    <property name="java.class.path" value="/Users/adrianvazquez/Downloads/prueba/target/test-classes:/Users/adrianvazquez/Downloads/prueba/target/classes:/Users/adrianvazquez/.m2/repository/org/springframework/boot/spring-boot-starter-data-jpa/4.0.0-M3/spring-boot-starter-data-jpa-4.0.0-M3.jar:/Users/adrianvazquez/.m2/repository/org/springframework/boot/spring-boot-starter/4.0.0-M3/spring-boot-starter-4.0.0-M3.jar:/Users/adrianvazquez/.m2/repository/org/springframework/boot/spring-boot-starter-logging/4.0.0-M3/spring-boot-starter-logging-4.0.0-M3.jar:/Users/adrianvazquez/.m2/repository/ch/qos/logback/logback-classic/1.5.18/logback-classic-1.5.18.jar:/Users/adrianvazquez/.m2/repository/ch/qos/logback/logback-core/1.5.18/logback-core-1.5.18.jar:/Users/adrianvazquez/.m2/repository/org/apache/logging/log4j/log4j-to-slf4j/2.24.3/log4j-to-slf4j-2.24.3.jar:/Users/adrianvazquez/.m2/repository/org/apache/logging/log4j/log4j-api/2.24.3/log4j-api-2.24.3.jar:/Users/adrianvazquez/.m2/repository/org/slf4j/jul-to-slf4j/2.0.17/jul-to-slf4j-2.0.17.jar:/Users/adrianvazquez/.m2/repository/org/springframework/boot/spring-boot-autoconfigure/4.0.0-M3/spring-boot-autoconfigure-4.0.0-M3.jar:/Users/adrianvazquez/.m2/repository/jakarta/annotation/jakarta.annotation-api/3.0.0/jakarta.annotation-api-3.0.0.jar:/Users/adrianvazquez/.m2/repository/org/yaml/snakeyaml/2.5/snakeyaml-2.5.jar:/Users/adrianvazquez/.m2/repository/org/springframework/boot/spring-boot-starter-jdbc/4.0.0-M3/spring-boot-starter-jdbc-4.0.0-M3.jar:/Users/adrianvazquez/.m2/repository/com/zaxxer/HikariCP/7.0.2/HikariCP-7.0.2.jar:/Users/adrianvazquez/.m2/repository/org/springframework/boot/spring-boot-data-jpa/4.0.0-M3/spring-boot-data-jpa-4.0.0-M3.jar:/Users/adrianvazquez/.m2/repository/org/springframework/boot/spring-boot-data-commons/4.0.0-M3/spring-boot-data-commons-4.0.0-M3.jar:/Users/adrianvazquez/.m2/repository/org/springframework/boot/spring-boot-persistence/4.0.0-M3/spring-boot-persistence-4.0.0-M3.jar:/Users/adrianvazquez/.m2/repository/org/springframework/data/spring-data-commons/4.0.0-M6/spring-data-commons-4.0.0-M6.jar:/Users/adrianvazquez/.m2/repository/org/springframework/boot/spring-boot-hibernate/4.0.0-M3/spring-boot-hibernate-4.0.0-M3.jar:/Users/adrianvazquez/.m2/repository/org/springframework/boot/spring-boot-jpa/4.0.0-M3/spring-boot-jpa-4.0.0-M3.jar:/Users/adrianvazquez/.m2/repository/jakarta/persistence/jakarta.persistence-api/3.2.0/jakarta.persistence-api-3.2.0.jar:/Users/adrianvazquez/.m2/repository/org/hibernate/orm/hibernate-core/7.1.1.Final/hibernate-core-7.1.1.Final.jar:/Users/adrianvazquez/.m2/repository/jakarta/transaction/jakarta.transaction-api/2.0.1/jakarta.transaction-api-2.0.1.jar:/Users/adrianvazquez/.m2/repository/org/hibernate/models/hibernate-models/1.0.1/hibernate-models-1.0.1.jar:/Users/adrianvazquez/.m2/repository/org/glassfish/jaxb/jaxb-runtime/4.0.5/jaxb-runtime-4.0.5.jar:/Users/adrianvazquez/.m2/repository/org/glassfish/jaxb/jaxb-core/4.0.5/jaxb-core-4.0.5.jar:/Users/adrianvazquez/.m2/repository/org/eclipse/angus/angus-activation/2.0.2/angus-activation-2.0.2.jar:/Users/adrianvazquez/.m2/repository/org/glassfish/jaxb/txw2/4.0.5/txw2-4.0.5.jar:/Users/adrianvazquez/.m2/repository/com/sun/istack/istack-commons-runtime/4.1.2/istack-commons-runtime-4.1.2.jar:/Users/adrianvazquez/.m2/repository/jakarta/inject/jakarta.inject-api/2.0.1/jakarta.inject-api-2.0.1.jar:/Users/adrianvazquez/.m2/repository/org/springframework/spring-orm/7.0.0-M9/spring-orm-7.0.0-M9.jar:/Users/adrianvazquez/.m2/repository/org/springframework/data/spring-data-jpa/4.0.0-M6/spring-data-jpa-4.0.0-M6.jar:/Users/adrianvazquez/.m2/repository/org/springframework/spring-tx/7.0.0-M9/spring-tx-7.0.0-M9.jar:/Users/adrianvazquez/.m2/repository/org/antlr/antlr4-runtime/4.13.2/antlr4-runtime-4.13.2.jar:/Users/adrianvazquez/.m2/repository/org/springframework/spring-aspects/7.0.0-M9/spring-aspects-7.0.0-M9.jar:/Users/adrianvazquez/.m2/repository/org/aspectj/aspectjweaver/1.9.24/aspectjweaver-1.9.24.jar:/Users/adrianvazquez/.m2/repository/org/springframework/boot/spring-boot-jdbc/4.0.0-M3/spring-boot-jdbc-4.0.0-M3.jar:/Users/adrianvazquez/.m2/repository/org/springframework/boot/spring-boot/4.0.0-M3/spring-boot-4.0.0-M3.jar:/Users/adrianvazquez/.m2/repository/org/springframework/boot/spring-boot-sql/4.0.0-M3/spring-boot-sql-4.0.0-M3.jar:/Users/adrianvazquez/.m2/repository/org/springframework/spring-jdbc/7.0.0-M9/spring-jdbc-7.0.0-M9.jar:/Users/adrianvazquez/.m2/repository/org/springframework/boot/spring-boot-tx/4.0.0-M3/spring-boot-tx-4.0.0-M3.jar:/Users/adrianvazquez/.m2/repository/org/springframework/boot/spring-boot-starter-restclient/4.0.0-M3/spring-boot-starter-restclient-4.0.0-M3.jar:/Users/adrianvazquez/.m2/repository/org/springframework/boot/spring-boot-starter-jackson/4.0.0-M3/spring-boot-starter-jackson-4.0.0-M3.jar:/Users/adrianvazquez/.m2/repository/org/springframework/boot/spring-boot-jackson/4.0.0-M3/spring-boot-jackson-4.0.0-M3.jar:/Users/adrianvazquez/.m2/repository/tools/jackson/core/jackson-databind/3.0.0-rc9/jackson-databind-3.0.0-rc9.jar:/Users/adrianvazquez/.m2/repository/tools/jackson/core/jackson-core/3.0.0-rc9/jackson-core-3.0.0-rc9.jar:/Users/adrianvazquez/.m2/repository/org/springframework/boot/spring-boot-restclient/4.0.0-M3/spring-boot-restclient-4.0.0-M3.jar:/Users/adrianvazquez/.m2/repository/org/springframework/boot/spring-boot-http-client/4.0.0-M3/spring-boot-http-client-4.0.0-M3.jar:/Users/adrianvazquez/.m2/repository/org/springframework/boot/spring-boot-starter-security/4.0.0-M3/spring-boot-starter-security-4.0.0-M3.jar:/Users/adrianvazquez/.m2/repository/org/springframework/boot/spring-boot-security/4.0.0-M3/spring-boot-security-4.0.0-M3.jar:/Users/adrianvazquez/.m2/repository/org/springframework/security/spring-security-config/7.0.0-M3/spring-security-config-7.0.0-M3.jar:/Users/adrianvazquez/.m2/repository/org/springframework/spring-aop/7.0.0-M9/spring-aop-7.0.0-M9.jar:/Users/adrianvazquez/.m2/repository/org/springframework/spring-beans/7.0.0-M9/spring-beans-7.0.0-M9.jar:/Users/adrianvazquez/.m2/repository/org/springframework/boot/spring-boot-starter-webmvc/4.0.0-M3/spring-boot-starter-webmvc-4.0.0-M3.jar:/Users/adrianvazquez/.m2/repository/org/springframework/boot/spring-boot-starter-tomcat/4.0.0-M3/spring-boot-starter-tomcat-4.0.0-M3.jar:/Users/adrianvazquez/.m2/repository/org/springframework/boot/spring-boot-tomcat/4.0.0-M3/spring-boot-tomcat-4.0.0-M3.jar:/Users/adrianvazquez/.m2/repository/org/springframework/boot/spring-boot-web-server/4.0.0-M3/spring-boot-web-server-4.0.0-M3.jar:/Users/adrianvazquez/.m2/repository/org/apache/tomcat/embed/tomcat-embed-core/11.0.11/tomcat-embed-core-11.0.11.jar:/Users/adrianvazquez/.m2/repository/org/apache/tomcat/embed/tomcat-embed-el/11.0.11/tomcat-embed-el-11.0.11.jar:/Users/adrianvazquez/.m2/repository/org/apache/tomcat/embed/tomcat-embed-websocket/11.0.11/tomcat-embed-websocket-11.0.11.jar:/Users/adrianvazquez/.m2/repository/org/springframework/boot/spring-boot-http-converter/4.0.0-M3/spring-boot-http-converter-4.0.0-M3.jar:/Users/adrianvazquez/.m2/repository/org/springframework/spring-web/7.0.0-M9/spring-web-7.0.0-M9.jar:/Users/adrianvazquez/.m2/repository/org/springframework/boot/spring-boot-webmvc/4.0.0-M3/spring-boot-webmvc-4.0.0-M3.jar:/Users/adrianvazquez/.m2/repository/org/springframework/boot/spring-boot-servlet/4.0.0-M3/spring-boot-servlet-4.0.0-M3.jar:/Users/adrianvazquez/.m2/repository/org/springframework/spring-webmvc/7.0.0-M9/spring-webmvc-7.0.0-M9.jar:/Users/adrianvazquez/.m2/repository/org/springframework/boot/spring-boot-starter-validation/4.0.0-M3/spring-boot-starter-validation-4.0.0-M3.jar:/Users/adrianvazquez/.m2/repository/org/springframework/boot/spring-boot-validation/4.0.0-M3/spring-boot-validation-4.0.0-M3.jar:/Users/adrianvazquez/.m2/repository/org/hibernate/validator/hibernate-validator/9.0.1.Final/hibernate-validator-9.0.1.Final.jar:/Users/adrianvazquez/.m2/repository/jakarta/validation/jakarta.validation-api/3.1.1/jakarta.validation-api-3.1.1.jar:/Users/adrianvazquez/.m2/repository/org/jboss/logging/jboss-logging/3.6.1.Final/jboss-logging-3.6.1.Final.jar:/Users/adrianvazquez/.m2/repository/com/fasterxml/classmate/1.7.0/classmate-1.7.0.jar:/Users/adrianvazquez/.m2/repository/org/springframework/boot/spring-boot-starter-cache/4.0.0-M3/spring-boot-starter-cache-4.0.0-M3.jar:/Users/adrianvazquez/.m2/repository/org/springframework/boot/spring-boot-cache/4.0.0-M3/spring-boot-cache-4.0.0-M3.jar:/Users/adrianvazquez/.m2/repository/org/springframework/spring-context-support/7.0.0-M9/spring-context-support-7.0.0-M9.jar:/Users/adrianvazquez/.m2/repository/com/github/ben-manes/caffeine/caffeine/3.2.2/caffeine-3.2.2.jar:/Users/adrianvazquez/.m2/repository/org/jspecify/jspecify/1.0.0/jspecify-1.0.0.jar:/Users/adrianvazquez/.m2/repository/com/google/errorprone/error_prone_annotations/2.40.0/error_prone_annotations-2.40.0.jar:/Users/adrianvazquez/.m2/repository/io/jsonwebtoken/jjwt-api/0.11.5/jjwt-api-0.11.5.jar:/Users/adrianvazquez/.m2/repository/io/jsonwebtoken/jjwt-impl/0.11.5/jjwt-impl-0.11.5.jar:/Users/adrianvazquez/.m2/repository/io/jsonwebtoken/jjwt-jackson/0.11.5/jjwt-jackson-0.11.5.jar:/Users/adrianvazquez/.m2/repository/com/fasterxml/jackson/core/jackson-databind/2.20.0/jackson-databind-2.20.0.jar:/Users/adrianvazquez/.m2/repository/com/fasterxml/jackson/core/jackson-annotations/2.20/jackson-annotations-2.20.jar:/Users/adrianvazquez/.m2/repository/com/fasterxml/jackson/core/jackson-core/2.20.0/jackson-core-2.20.0.jar:/Users/adrianvazquez/.m2/repository/com/mysql/mysql-connector-j/9.4.0/mysql-connector-j-9.4.0.jar:/Users/adrianvazquez/.m2/repository/org/projectlombok/lombok/1.18.40/lombok-1.18.40.jar:/Users/adrianvazquez/.m2/repository/org/springframework/boot/spring-boot-starter-test/4.0.0-M3/spring-boot-starter-test-4.0.0-M3.jar:/Users/adrianvazquez/.m2/repository/org/springframework/boot/spring-boot-test/4.0.0-M3/spring-boot-test-4.0.0-M3.jar:/Users/adrianvazquez/.m2/repository/org/springframework/boot/spring-boot-restclient-test/4.0.0-M3/spring-boot-restclient-test-4.0.0-M3.jar:/Users/adrianvazquez/.m2/repository/org/springframework/boot/spring-boot-test-autoconfigure/4.0.0-M3/spring-boot-test-autoconfigure-4.0.0-M3.jar:/Users/adrianvazquez/.m2/repository/org/springframework/boot/spring-boot-web-server-test/4.0.0-M3/spring-boot-web-server-test-4.0.0-M3.jar:/Users/adrianvazquez/.m2/repository/com/jayway/jsonpath/json-path/2.9.0/json-path-2.9.0.jar:/Users/adrianvazquez/.m2/repository/org/slf4j/slf4j-api/2.0.17/slf4j-api-2.0.17.jar:/Users/adrianvazquez/.m2/repository/jakarta/xml/bind/jakarta.xml.bind-api/4.0.2/jakarta.xml.bind-api-4.0.2.jar:/Users/adrianvazquez/.m2/repository/jakarta/activation/jakarta.activation-api/2.1.4/jakarta.activation-api-2.1.4.jar:/Users/adrianvazquez/.m2/repository/net/minidev/json-smart/2.6.0/json-smart-2.6.0.jar:/Users/adrianvazquez/.m2/repository/net/minidev/accessors-smart/2.6.0/accessors-smart-2.6.0.jar:/Users/adrianvazquez/.m2/repository/org/ow2/asm/asm/9.7.1/asm-9.7.1.jar:/Users/adrianvazquez/.m2/repository/org/assertj/assertj-core/3.27.4/assertj-core-3.27.4.jar:/Users/adrianvazquez/.m2/repository/net/bytebuddy/byte-buddy/1.17.7/byte-buddy-1.17.7.jar:/Users/adrianvazquez/.m2/repository/org/awaitility/awaitility/4.3.0/awaitility-4.3.0.jar:/Users/adrianvazquez/.m2/repository/org/hamcrest/hamcrest/3.0/hamcrest-3.0.jar:/Users/adrianvazquez/.m2/repository/org/junit/jupiter/junit-jupiter/5.13.4/junit-jupiter-5.13.4.jar:/Users/adrianvazquez/.m2/repository/org/junit/jupiter/junit-jupiter-api/5.13.4/junit-jupiter-api-5.13.4.jar:/Users/adrianvazquez/.m2/repository/org/opentest4j/opentest4j/1.3.0/opentest4j-1.3.0.jar:/Users/adrianvazquez/.m2/repository/org/junit/platform/junit-platform-commons/1.13.4/junit-platform-commons-1.13.4.jar:/Users/adrianvazquez/.m2/repository/org/apiguardian/apiguardian-api/1.1.2/apiguardian-api-1.1.2.jar:/Users/adrianvazquez/.m2/repository/org/junit/jupiter/junit-jupiter-params/5.13.4/junit-jupiter-params-5.13.4.jar:/Users/adrianvazquez/.m2/repository/org/junit/jupiter/junit-jupiter-engine/5.13.4/junit-jupiter-engine-5.13.4.jar:/Users/adrianvazquez/.m2/repository/org/junit/platform/junit-platform-engine/1.13.4/junit-platform-engine-1.13.4.jar:/Users/adrianvazquez/.m2/repository/org/mockito/mockito-core/5.19.0/mockito-core-5.19.0.jar:/Users/adrianvazquez/.m2/repository/net/bytebuddy/byte-buddy-agent/1.17.7/byte-buddy-agent-1.17.7.jar:/Users/adrianvazquez/.m2/repository/org/objenesis/objenesis/3.3/objenesis-3.3.jar:/Users/adrianvazquez/.m2/repository/org/mockito/mockito-junit-jupiter/5.19.0/mockito-junit-jupiter-5.19.0.jar:/Users/adrianvazquez/.m2/repository/org/skyscreamer/jsonassert/1.5.3/jsonassert-1.5.3.jar:/Users/adrianvazquez/.m2/repository/com/vaadin/external/google/android-json/0.0.20131108.vaadin1/android-json-0.0.20131108.vaadin1.jar:/Users/adrianvazquez/.m2/repository/org/springframework/spring-core/7.0.0-M9/spring-core-7.0.0-M9.jar:/Users/adrianvazquez/.m2/repository/commons-logging/commons-logging/1.3.5/commons-logging-1.3.5.jar:/Users/adrianvazquez/.m2/repository/org/springframework/spring-test/7.0.0-M9/spring-test-7.0.0-M9.jar:/Users/adrianvazquez/.m2/repository/org/xmlunit/xmlunit-core/2.10.4/xmlunit-core-2.10.4.jar:/Users/adrianvazquez/.m2/repository/org/springframework/security/spring-security-test/7.0.0-M3/spring-security-test-7.0.0-M3.jar:/Users/adrianvazquez/.m2/repository/org/springframework/security/spring-security-core/7.0.0-M3/spring-security-core-7.0.0-M3.jar:/Users/adrianvazquez/.m2/repository/org/springframework/security/spring-security-crypto/7.0.0-M3/spring-security-crypto-7.0.0-M3.jar:/Users/adrianvazquez/.m2/repository/org/springframework/spring-context/7.0.0-M9/spring-context-7.0.0-M9.jar:/Users/adrianvazquez/.m2/repository/org/springframework/spring-expression/7.0.0-M9/spring-expression-7.0.0-M9.jar:/Users/adrianvazquez/.m2/repository/io/micrometer/micrometer-observation/1.16.0-M3/micrometer-observation-1.16.0-M3.jar:/Users/adrianvazquez/.m2/repository/io/micrometer/micrometer-commons/1.16.0-M3/micrometer-commons-1.16.0-M3.jar:/Users/adrianvazquez/.m2/repository/org/springframework/security/spring-security-web/7.0.0-M3/spring-security-web-7.0.0-M3.jar:/Users/adrianvazquez/.m2/repository/com/h2database/h2/2.3.232/h2-2.3.232.jar:/Users/adrianvazquez/.m2/repository/org/mockito/mockito-inline/5.2.0/mockito-inline-5.2.0.jar:"/>
    <property name="java.vm.vendor" value="Oracle Corporation"/>
    <property name="sun.arch.data.model" value="64"/>
    <property name="java.vendor.url" value="https://java.oracle.com/"/>
    <property name="user.timezone" value="America/Mexico_City"/>
    <property name="os.name" value="Mac OS X"/>
    <property name="java.vm.specification.version" value="23"/>
    <property name="user.country" value="MX"/>
    <property name="sun.java.launcher" value="SUN_STANDARD"/>
    <property name="sun.boot.library.path" value="/Users/adrianvazquez/Library/Java/JavaVirtualMachines/openjdk-23.0.2/Contents/Home/lib"/>
    <property name="sun.java.command" value="/Users/adrianvazquez/Downloads/prueba/target/surefire/surefirebooter-20251002045612540_3.jar /Users/adrianvazquez/Downloads/prueba/target/surefire 2025-10-02T04-56-12_491-jvmRun1 surefire-20251002045612540_1tmp surefire_0-20251002045612540_2tmp"/>
    <property name="http.nonProxyHosts" value="local|*.local|169.254/16|*.169.254/16"/>
    <property name="jdk.debug" value="release"/>
    <property name="surefire.test.class.path" value="/Users/adrianvazquez/Downloads/prueba/target/test-classes:/Users/adrianvazquez/Downloads/prueba/target/classes:/Users/adrianvazquez/.m2/repository/org/springframework/boot/spring-boot-starter-data-jpa/4.0.0-M3/spring-boot-starter-data-jpa-4.0.0-M3.jar:/Users/adrianvazquez/.m2/repository/org/springframework/boot/spring-boot-starter/4.0.0-M3/spring-boot-starter-4.0.0-M3.jar:/Users/adrianvazquez/.m2/repository/org/springframework/boot/spring-boot-starter-logging/4.0.0-M3/spring-boot-starter-logging-4.0.0-M3.jar:/Users/adrianvazquez/.m2/repository/ch/qos/logback/logback-classic/1.5.18/logback-classic-1.5.18.jar:/Users/adrianvazquez/.m2/repository/ch/qos/logback/logback-core/1.5.18/logback-core-1.5.18.jar:/Users/adrianvazquez/.m2/repository/org/apache/logging/log4j/log4j-to-slf4j/2.24.3/log4j-to-slf4j-2.24.3.jar:/Users/adrianvazquez/.m2/repository/org/apache/logging/log4j/log4j-api/2.24.3/log4j-api-2.24.3.jar:/Users/adrianvazquez/.m2/repository/org/slf4j/jul-to-slf4j/2.0.17/jul-to-slf4j-2.0.17.jar:/Users/adrianvazquez/.m2/repository/org/springframework/boot/spring-boot-autoconfigure/4.0.0-M3/spring-boot-autoconfigure-4.0.0-M3.jar:/Users/adrianvazquez/.m2/repository/jakarta/annotation/jakarta.annotation-api/3.0.0/jakarta.annotation-api-3.0.0.jar:/Users/adrianvazquez/.m2/repository/org/yaml/snakeyaml/2.5/snakeyaml-2.5.jar:/Users/adrianvazquez/.m2/repository/org/springframework/boot/spring-boot-starter-jdbc/4.0.0-M3/spring-boot-starter-jdbc-4.0.0-M3.jar:/Users/adrianvazquez/.m2/repository/com/zaxxer/HikariCP/7.0.2/HikariCP-7.0.2.jar:/Users/adrianvazquez/.m2/repository/org/springframework/boot/spring-boot-data-jpa/4.0.0-M3/spring-boot-data-jpa-4.0.0-M3.jar:/Users/adrianvazquez/.m2/repository/org/springframework/boot/spring-boot-data-commons/4.0.0-M3/spring-boot-data-commons-4.0.0-M3.jar:/Users/adrianvazquez/.m2/repository/org/springframework/boot/spring-boot-persistence/4.0.0-M3/spring-boot-persistence-4.0.0-M3.jar:/Users/adrianvazquez/.m2/repository/org/springframework/data/spring-data-commons/4.0.0-M6/spring-data-commons-4.0.0-M6.jar:/Users/adrianvazquez/.m2/repository/org/springframework/boot/spring-boot-hibernate/4.0.0-M3/spring-boot-hibernate-4.0.0-M3.jar:/Users/adrianvazquez/.m2/repository/org/springframework/boot/spring-boot-jpa/4.0.0-M3/spring-boot-jpa-4.0.0-M3.jar:/Users/adrianvazquez/.m2/repository/jakarta/persistence/jakarta.persistence-api/3.2.0/jakarta.persistence-api-3.2.0.jar:/Users/adrianvazquez/.m2/repository/org/hibernate/orm/hibernate-core/7.1.1.Final/hibernate-core-7.1.1.Final.jar:/Users/adrianvazquez/.m2/repository/jakarta/transaction/jakarta.transaction-api/2.0.1/jakarta.transaction-api-2.0.1.jar:/Users/adrianvazquez/.m2/repository/org/hibernate/models/hibernate-models/1.0.1/hibernate-models-1.0.1.jar:/Users/adrianvazquez/.m2/repository/org/glassfish/jaxb/jaxb-runtime/4.0.5/jaxb-runtime-4.0.5.jar:/Users/adrianvazquez/.m2/repository/org/glassfish/jaxb/jaxb-core/4.0.5/jaxb-core-4.0.5.jar:/Users/adrianvazquez/.m2/repository/org/eclipse/angus/angus-activation/2.0.2/angus-activation-2.0.2.jar:/Users/adrianvazquez/.m2/repository/org/glassfish/jaxb/txw2/4.0.5/txw2-4.0.5.jar:/Users/adrianvazquez/.m2/repository/com/sun/istack/istack-commons-runtime/4.1.2/istack-commons-runtime-4.1.2.jar:/Users/adrianvazquez/.m2/repository/jakarta/inject/jakarta.inject-api/2.0.1/jakarta.inject-api-2.0.1.jar:/Users/adrianvazquez/.m2/repository/org/springframework/spring-orm/7.0.0-M9/spring-orm-7.0.0-M9.jar:/Users/adrianvazquez/.m2/repository/org/springframework/data/spring-data-jpa/4.0.0-M6/spring-data-jpa-4.0.0-M6.jar:/Users/adrianvazquez/.m2/repository/org/springframework/spring-tx/7.0.0-M9/spring-tx-7.0.0-M9.jar:/Users/adrianvazquez/.m2/repository/org/antlr/antlr4-runtime/4.13.2/antlr4-runtime-4.13.2.jar:/Users/adrianvazquez/.m2/repository/org/springframework/spring-aspects/7.0.0-M9/spring-aspects-7.0.0-M9.jar:/Users/adrianvazquez/.m2/repository/org/aspectj/aspectjweaver/1.9.24/aspectjweaver-1.9.24.jar:/Users/adrianvazquez/.m2/repository/org/springframework/boot/spring-boot-jdbc/4.0.0-M3/spring-boot-jdbc-4.0.0-M3.jar:/Users/adrianvazquez/.m2/repository/org/springframework/boot/spring-boot/4.0.0-M3/spring-boot-4.0.0-M3.jar:/Users/adrianvazquez/.m2/repository/org/springframework/boot/spring-boot-sql/4.0.0-M3/spring-boot-sql-4.0.0-M3.jar:/Users/adrianvazquez/.m2/repository/org/springframework/spring-jdbc/7.0.0-M9/spring-jdbc-7.0.0-M9.jar:/Users/adrianvazquez/.m2/repository/org/springframework/boot/spring-boot-tx/4.0.0-M3/spring-boot-tx-4.0.0-M3.jar:/Users/adrianvazquez/.m2/repository/org/springframework/boot/spring-boot-starter-restclient/4.0.0-M3/spring-boot-starter-restclient-4.0.0-M3.jar:/Users/adrianvazquez/.m2/repository/org/springframework/boot/spring-boot-starter-jackson/4.0.0-M3/spring-boot-starter-jackson-4.0.0-M3.jar:/Users/adrianvazquez/.m2/repository/org/springframework/boot/spring-boot-jackson/4.0.0-M3/spring-boot-jackson-4.0.0-M3.jar:/Users/adrianvazquez/.m2/repository/tools/jackson/core/jackson-databind/3.0.0-rc9/jackson-databind-3.0.0-rc9.jar:/Users/adrianvazquez/.m2/repository/tools/jackson/core/jackson-core/3.0.0-rc9/jackson-core-3.0.0-rc9.jar:/Users/adrianvazquez/.m2/repository/org/springframework/boot/spring-boot-restclient/4.0.0-M3/spring-boot-restclient-4.0.0-M3.jar:/Users/adrianvazquez/.m2/repository/org/springframework/boot/spring-boot-http-client/4.0.0-M3/spring-boot-http-client-4.0.0-M3.jar:/Users/adrianvazquez/.m2/repository/org/springframework/boot/spring-boot-starter-security/4.0.0-M3/spring-boot-starter-security-4.0.0-M3.jar:/Users/adrianvazquez/.m2/repository/org/springframework/boot/spring-boot-security/4.0.0-M3/spring-boot-security-4.0.0-M3.jar:/Users/adrianvazquez/.m2/repository/org/springframework/security/spring-security-config/7.0.0-M3/spring-security-config-7.0.0-M3.jar:/Users/adrianvazquez/.m2/repository/org/springframework/spring-aop/7.0.0-M9/spring-aop-7.0.0-M9.jar:/Users/adrianvazquez/.m2/repository/org/springframework/spring-beans/7.0.0-M9/spring-beans-7.0.0-M9.jar:/Users/adrianvazquez/.m2/repository/org/springframework/boot/spring-boot-starter-webmvc/4.0.0-M3/spring-boot-starter-webmvc-4.0.0-M3.jar:/Users/adrianvazquez/.m2/repository/org/springframework/boot/spring-boot-starter-tomcat/4.0.0-M3/spring-boot-starter-tomcat-4.0.0-M3.jar:/Users/adrianvazquez/.m2/repository/org/springframework/boot/spring-boot-tomcat/4.0.0-M3/spring-boot-tomcat-4.0.0-M3.jar:/Users/adrianvazquez/.m2/repository/org/springframework/boot/spring-boot-web-server/4.0.0-M3/spring-boot-web-server-4.0.0-M3.jar:/Users/adrianvazquez/.m2/repository/org/apache/tomcat/embed/tomcat-embed-core/11.0.11/tomcat-embed-core-11.0.11.jar:/Users/adrianvazquez/.m2/repository/org/apache/tomcat/embed/tomcat-embed-el/11.0.11/tomcat-embed-el-11.0.11.jar:/Users/adrianvazquez/.m2/repository/org/apache/tomcat/embed/tomcat-embed-websocket/11.0.11/tomcat-embed-websocket-11.0.11.jar:/Users/adrianvazquez/.m2/repository/org/springframework/boot/spring-boot-http-converter/4.0.0-M3/spring-boot-http-converter-4.0.0-M3.jar:/Users/adrianvazquez/.m2/repository/org/springframework/spring-web/7.0.0-M9/spring-web-7.0.0-M9.jar:/Users/adrianvazquez/.m2/repository/org/springframework/boot/spring-boot-webmvc/4.0.0-M3/spring-boot-webmvc-4.0.0-M3.jar:/Users/adrianvazquez/.m2/repository/org/springframework/boot/spring-boot-servlet/4.0.0-M3/spring-boot-servlet-4.0.0-M3.jar:/Users/adrianvazquez/.m2/repository/org/springframework/spring-webmvc/7.0.0-M9/spring-webmvc-7.0.0-M9.jar:/Users/adrianvazquez/.m2/repository/org/springframework/boot/spring-boot-starter-validation/4.0.0-M3/spring-boot-starter-validation-4.0.0-M3.jar:/Users/adrianvazquez/.m2/repository/org/springframework/boot/spring-boot-validation/4.0.0-M3/spring-boot-validation-4.0.0-M3.jar:/Users/adrianvazquez/.m2/repository/org/hibernate/validator/hibernate-validator/9.0.1.Final/hibernate-validator-9.0.1.Final.jar:/Users/adrianvazquez/.m2/repository/jakarta/validation/jakarta.validation-api/3.1.1/jakarta.validation-api-3.1.1.jar:/Users/adrianvazquez/.m2/repository/org/jboss/logging/jboss-logging/3.6.1.Final/jboss-logging-3.6.1.Final.jar:/Users/adrianvazquez/.m2/repository/com/fasterxml/classmate/1.7.0/classmate-1.7.0.jar:/Users/adrianvazquez/.m2/repository/org/springframework/boot/spring-boot-starter-cache/4.0.0-M3/spring-boot-starter-cache-4.0.0-M3.jar:/Users/adrianvazquez/.m2/repository/org/springframework/boot/spring-boot-cache/4.0.0-M3/spring-boot-cache-4.0.0-M3.jar:/Users/adrianvazquez/.m2/repository/org/springframework/spring-context-support/7.0.0-M9/spring-context-support-7.0.0-M9.jar:/Users/adrianvazquez/.m2/repository/com/github/ben-manes/caffeine/caffeine/3.2.2/caffeine-3.2.2.jar:/Users/adrianvazquez/.m2/repository/org/jspecify/jspecify/1.0.0/jspecify-1.0.0.jar:/Users/adrianvazquez/.m2/repository/com/google/errorprone/error_prone_annotations/2.40.0/error_prone_annotations-2.40.0.jar:/Users/adrianvazquez/.m2/repository/io/jsonwebtoken/jjwt-api/0.11.5/jjwt-api-0.11.5.jar:/Users/adrianvazquez/.m2/repository/io/jsonwebtoken/jjwt-impl/0.11.5/jjwt-impl-0.11.5.jar:/Users/adrianvazquez/.m2/repository/io/jsonwebtoken/jjwt-jackson/0.11.5/jjwt-jackson-0.11.5.jar:/Users/adrianvazquez/.m2/repository/com/fasterxml/jackson/core/jackson-databind/2.20.0/jackson-databind-2.20.0.jar:/Users/adrianvazquez/.m2/repository/com/fasterxml/jackson/core/jackson-annotations/2.20/jackson-annotations-2.20.jar:/Users/adrianvazquez/.m2/repository/com/fasterxml/jackson/core/jackson-core/2.20.0/jackson-core-2.20.0.jar:/Users/adrianvazquez/.m2/repository/com/mysql/mysql-connector-j/9.4.0/mysql-connector-j-9.4.0.jar:/Users/adrianvazquez/.m2/repository/org/projectlombok/lombok/1.18.40/lombok-1.18.40.jar:/Users/adrianvazquez/.m2/repository/org/springframework/boot/spring-boot-starter-test/4.0.0-M3/spring-boot-starter-test-4.0.0-M3.jar:/Users/adrianvazquez/.m2/repository/org/springframework/boot/spring-boot-test/4.0.0-M3/spring-boot-test-4.0.0-M3.jar:/Users/adrianvazquez/.m2/repository/org/springframework/boot/spring-boot-restclient-test/4.0.0-M3/spring-boot-restclient-test-4.0.0-M3.jar:/Users/adrianvazquez/.m2/repository/org/springframework/boot/spring-boot-test-autoconfigure/4.0.0-M3/spring-boot-test-autoconfigure-4.0.0-M3.jar:/Users/adrianvazquez/.m2/repository/org/springframework/boot/spring-boot-web-server-test/4.0.0-M3/spring-boot-web-server-test-4.0.0-M3.jar:/Users/adrianvazquez/.m2/repository/com/jayway/jsonpath/json-path/2.9.0/json-path-2.9.0.jar:/Users/adrianvazquez/.m2/repository/org/slf4j/slf4j-api/2.0.17/slf4j-api-2.0.17.jar:/Users/adrianvazquez/.m2/repository/jakarta/xml/bind/jakarta.xml.bind-api/4.0.2/jakarta.xml.bind-api-4.0.2.jar:/Users/adrianvazquez/.m2/repository/jakarta/activation/jakarta.activation-api/2.1.4/jakarta.activation-api-2.1.4.jar:/Users/adrianvazquez/.m2/repository/net/minidev/json-smart/2.6.0/json-smart-2.6.0.jar:/Users/adrianvazquez/.m2/repository/net/minidev/accessors-smart/2.6.0/accessors-smart-2.6.0.jar:/Users/adrianvazquez/.m2/repository/org/ow2/asm/asm/9.7.1/asm-9.7.1.jar:/Users/adrianvazquez/.m2/repository/org/assertj/assertj-core/3.27.4/assertj-core-3.27.4.jar:/Users/adrianvazquez/.m2/repository/net/bytebuddy/byte-buddy/1.17.7/byte-buddy-1.17.7.jar:/Users/adrianvazquez/.m2/repository/org/awaitility/awaitility/4.3.0/awaitility-4.3.0.jar:/Users/adrianvazquez/.m2/repository/org/hamcrest/hamcrest/3.0/hamcrest-3.0.jar:/Users/adrianvazquez/.m2/repository/org/junit/jupiter/junit-jupiter/5.13.4/junit-jupiter-5.13.4.jar:/Users/adrianvazquez/.m2/repository/org/junit/jupiter/junit-jupiter-api/5.13.4/junit-jupiter-api-5.13.4.jar:/Users/adrianvazquez/.m2/repository/org/opentest4j/opentest4j/1.3.0/opentest4j-1.3.0.jar:/Users/adrianvazquez/.m2/repository/org/junit/platform/junit-platform-commons/1.13.4/junit-platform-commons-1.13.4.jar:/Users/adrianvazquez/.m2/repository/org/apiguardian/apiguardian-api/1.1.2/apiguardian-api-1.1.2.jar:/Users/adrianvazquez/.m2/repository/org/junit/jupiter/junit-jupiter-params/5.13.4/junit-jupiter-params-5.13.4.jar:/Users/adrianvazquez/.m2/repository/org/junit/jupiter/junit-jupiter-engine/5.13.4/junit-jupiter-engine-5.13.4.jar:/Users/adrianvazquez/.m2/repository/org/junit/platform/junit-platform-engine/1.13.4/junit-platform-engine-1.13.4.jar:/Users/adrianvazquez/.m2/repository/org/mockito/mockito-core/5.19.0/mockito-core-5.19.0.jar:/Users/adrianvazquez/.m2/repository/net/bytebuddy/byte-buddy-agent/1.17.7/byte-buddy-agent-1.17.7.jar:/Users/adrianvazquez/.m2/repository/org/objenesis/objenesis/3.3/objenesis-3.3.jar:/Users/adrianvazquez/.m2/repository/org/mockito/mockito-junit-jupiter/5.19.0/mockito-junit-jupiter-5.19.0.jar:/Users/adrianvazquez/.m2/repository/org/skyscreamer/jsonassert/1.5.3/jsonassert-1.5.3.jar:/Users/adrianvazquez/.m2/repository/com/vaadin/external/google/android-json/0.0.20131108.vaadin1/android-json-0.0.20131108.vaadin1.jar:/Users/adrianvazquez/.m2/repository/org/springframework/spring-core/7.0.0-M9/spring-core-7.0.0-M9.jar:/Users/adrianvazquez/.m2/repository/commons-logging/commons-logging/1.3.5/commons-logging-1.3.5.jar:/Users/adrianvazquez/.m2/repository/org/springframework/spring-test/7.0.0-M9/spring-test-7.0.0-M9.jar:/Users/adrianvazquez/.m2/repository/org/xmlunit/xmlunit-core/2.10.4/xmlunit-core-2.10.4.jar:/Users/adrianvazquez/.m2/repository/org/springframework/security/spring-security-test/7.0.0-M3/spring-security-test-7.0.0-M3.jar:/Users/adrianvazquez/.m2/repository/org/springframework/security/spring-security-core/7.0.0-M3/spring-security-core-7.0.0-M3.jar:/Users/adrianvazquez/.m2/repository/org/springframework/security/spring-security-crypto/7.0.0-M3/spring-security-crypto-7.0.0-M3.jar:/Users/adrianvazquez/.m2/repository/org/springframework/spring-context/7.0.0-M9/spring-context-7.0.0-M9.jar:/Users/adrianvazquez/.m2/repository/org/springframework/spring-expression/7.0.0-M9/spring-expression-7.0.0-M9.jar:/Users/adrianvazquez/.m2/repository/io/micrometer/micrometer-observation/1.16.0-M3/micrometer-observation-1.16.0-M3.jar:/Users/adrianvazquez/.m2/repository/io/micrometer/micrometer-commons/1.16.0-M3/micrometer-commons-1.16.0-M3.jar:/Users/adrianvazquez/.m2/repository/org/springframework/security/spring-security-web/7.0.0-M3/spring-security-web-7.0.0-M3.jar:/Users/adrianvazquez/.m2/repository/com/h2database/h2/2.3.232/h2-2.3.232.jar:/Users/adrianvazquez/.m2/repository/org/mockito/mockito-inline/5.2.0/mockito-inline-5.2.0.jar:"/>
    <property name="sun.cpu.endian" value="little"/>
    <property name="user.home" value="/Users/adrianvazquez"/>
    <property name="user.language" value="es"/>
    <property name="java.specification.vendor" value="Oracle Corporation"/>
    <property name="java.version.date" value="2025-01-21"/>
    <property name="java.home" value="/Users/adrianvazquez/Library/Java/JavaVirtualMachines/openjdk-23.0.2/Contents/Home"/>
    <property name="file.separator" value="/"/>
    <property name="basedir" value="/Users/adrianvazquez/Downloads/prueba"/>
    <property name="style.color" value="always"/>
    <property name="java.vm.compressedOopsMode" value="Zero based"/>
    <property name="line.separator" value="&#10;"/>
    <property name="java.vm.specification.vendor" value="Oracle Corporation"/>
    <property name="java.specification.name" value="Java Platform API Specification"/>
    <property name="apple.awt.application.name" value="ForkedBooter"/>
    <property name="surefire.real.class.path" value="/Users/adrianvazquez/Downloads/prueba/target/surefire/surefirebooter-20251002045612540_3.jar"/>
    <property name="sun.management.compiler" value="HotSpot 64-Bit Tiered Compilers"/>
    <property name="ftp.nonProxyHosts" value="local|*.local|169.254/16|*.169.254/16"/>
    <property name="java.runtime.version" value="23.0.2+7-58"/>
    <property name="user.name" value="adrianvazquez"/>
    <property name="stdout.encoding" value="UTF-8"/>
    <property name="path.separator" value=":"/>
    <property name="os.version" value="15.3.1"/>
    <property name="java.runtime.name" value="OpenJDK Runtime Environment"/>
    <property name="file.encoding" value="UTF-8"/>
    <property name="java.vm.name" value="OpenJDK 64-Bit Server VM"/>
    <property name="maven.ext.class.path" value="/Applications/IntelliJ IDEA CE.app/Contents/plugins/maven/lib/maven-event-listener.jar"/>
    <property name="localRepository" value="/Users/adrianvazquez/.m2/repository"/>
    <property name="java.vendor.url.bug" value="https://bugreport.java.com/bugreport/"/>
    <property name="java.io.tmpdir" value="/var/folders/fg/rs8nwbbj63d9qv13x4g6t0zh0000gn/T/"/>
    <property name="idea.version" value="2025.2.2"/>
    <property name="java.version" value="23.0.2"/>
    <property name="user.dir" value="/Users/adrianvazquez/Downloads/prueba"/>
    <property name="os.arch" value="aarch64"/>
    <property name="jansi.passthrough" value="true"/>
    <property name="java.vm.specification.name" value="Java Virtual Machine Specification"/>
    <property name="native.encoding" value="UTF-8"/>
    <property name="java.library.path" value="/Users/adrianvazquez/Library/Java/Extensions:/Library/Java/Extensions:/Network/Library/Java/Extensions:/System/Library/Java/Extensions:/usr/lib/java:."/>
    <property name="java.vm.info" value="mixed mode, sharing"/>
    <property name="stderr.encoding" value="UTF-8"/>
    <property name="java.vendor" value="Oracle Corporation"/>
    <property name="java.vm.version" value="23.0.2+7-58"/>
    <property name="sun.io.unicode.encoding" value="UnicodeBig"/>
    <property name="maven.repo.local" value="/Users/adrianvazquez/.m2/repository"/>
    <property name="socksNonProxyHosts" value="local|*.local|169.254/16|*.169.254/16"/>
    <property name="java.class.version" value="67.0"/>
  </properties>
  <testcase name="autenticaYGeneraToken" classname="com.puntored.prueba.unit.AuthServiceTest" time="0.019"/>
</testsuite>